# JRE version: OpenJDK Runtime Environment Microsoft-8035246 (17.0.8+7) (build 17.0.8+7-LTS)
# Java VM: OpenJDK 64-Bit Server VM Microsoft-8035246 (17.0.8+7-LTS, mixed mode, sharing, tiered, compressed oops, compressed class ptrs, g1 gc, windows-amd64)
GC Precious Log:
 CPUs: 8 total, 8 available
 Memory: 16167M
 Large Page Support: Disabled
 NUMA Support: Disabled
 Compressed Oops: Enabled (32-bit)
 Heap Region Size: 1M
 Heap Min Capacity: 8M
 Heap Initial Capacity: 254M
 Heap Max Capacity: 2G
 Pre-touch: Disabled
 Parallel Workers: 8
 Concurrent Workers: 2
 Concurrent Refinement Workers: 8
 Periodic GC: Disabled
Heap:
 garbage-first heap   total 190464K, used 124923K [0x0000000080000000, 0x0000000100000000)
  region size 1024K, 40 young (40960K), 6 survivors (6144K)
 Metaspace       used 72450K, committed 73408K, reserved 491520K
  class space    used 10231K, committed 10688K, reserved 425984K
GC Heap History (20 events):
Event: 21.742 GC heap before
{Heap before GC invocations=23 (full 0):
 garbage-first heap   total 99328K, used 80874K [0x0000000080000000, 0x0000000100000000)
  region size 1024K, 17 young (17408K), 1 survivors (1024K)
 Metaspace       used 60056K, committed 60736K, reserved 491520K
  class space    used 8520K, committed 8832K, reserved 425984K
}
Event: 21.744 GC heap after
{Heap after GC invocations=24 (full 0):
 garbage-first heap   total 99328K, used 66411K [0x0000000080000000, 0x0000000100000000)
  region size 1024K, 2 young (2048K), 2 survivors (2048K)
 Metaspace       used 60056K, committed 60736K, reserved 491520K
  class space    used 8520K, committed 8832K, reserved 425984K
}
Event: 22.108 GC heap before
{Heap before GC invocations=25 (full 0):
 garbage-first heap   total 119808K, used 80747K [0x0000000080000000, 0x0000000100000000)
  region size 1024K, 16 young (16384K), 2 survivors (2048K)
 Metaspace       used 60924K, committed 61632K, reserved 491520K
  class space    used 8640K, committed 8960K, reserved 425984K
}
Event: 22.112 GC heap after
{Heap after GC invocations=26 (full 0):
 garbage-first heap   total 119808K, used 67563K [0x0000000080000000, 0x0000000100000000)
  region size 1024K, 2 young (2048K), 2 survivors (2048K)
 Metaspace       used 60924K, committed 61632K, reserved 491520K
  class space    used 8640K, committed 8960K, reserved 425984K
}
Event: 22.289 GC heap before
{Heap before GC invocations=26 (full 0):
 garbage-first heap   total 119808K, used 69611K [0x0000000080000000, 0x0000000100000000)
  region size 1024K, 5 young (5120K), 2 survivors (2048K)
 Metaspace       used 61094K, committed 61760K, reserved 491520K
  class space    used 8665K, committed 8960K, reserved 425984K
}
Event: 22.297 GC heap after
{Heap after GC invocations=27 (full 0):
 garbage-first heap   total 119808K, used 67381K [0x0000000080000000, 0x0000000100000000)
  region size 1024K, 1 young (1024K), 1 survivors (1024K)
 Metaspace       used 61094K, committed 61760K, reserved 491520K
  class space    used 8665K, committed 8960K, reserved 425984K
}
Event: 23.144 GC heap before
{Heap before GC invocations=27 (full 0):
 garbage-first heap   total 119808K, used 97077K [0x0000000080000000, 0x0000000100000000)
  region size 1024K, 31 young (31744K), 1 survivors (1024K)
 Metaspace       used 62823K, committed 63488K, reserved 491520K
  class space    used 8891K, committed 9216K, reserved 425984K
}
Event: 23.150 GC heap after
{Heap after GC invocations=28 (full 0):
 garbage-first heap   total 190464K, used 68057K [0x0000000080000000, 0x0000000100000000)
  region size 1024K, 1 young (1024K), 1 survivors (1024K)
 Metaspace       used 62823K, committed 63488K, reserved 491520K
  class space    used 8891K, committed 9216K, reserved 425984K
}
Event: 27.780 GC heap before
{Heap before GC invocations=29 (full 0):
 garbage-first heap   total 190464K, used 151001K [0x0000000080000000, 0x0000000100000000)
  region size 1024K, 82 young (83968K), 1 survivors (1024K)
 Metaspace       used 66222K, committed 67008K, reserved 491520K
  class space    used 9375K, committed 9728K, reserved 425984K
}
Event: 27.798 GC heap after
{Heap after GC invocations=30 (full 0):
 garbage-first heap   total 190464K, used 74935K [0x0000000080000000, 0x0000000100000000)
  region size 1024K, 8 young (8192K), 8 survivors (8192K)
 Metaspace       used 66222K, committed 67008K, reserved 491520K
  class space    used 9375K, committed 9728K, reserved 425984K
}
Event: 27.819 GC heap before
{Heap before GC invocations=30 (full 0):
 garbage-first heap   total 190464K, used 75959K [0x0000000080000000, 0x0000000100000000)
  region size 1024K, 9 young (9216K), 8 survivors (8192K)
 Metaspace       used 66306K, committed 67136K, reserved 491520K
  class space    used 9381K, committed 9728K, reserved 425984K
}
Event: 27.831 GC heap after
{Heap after GC invocations=31 (full 0):
 garbage-first heap   total 190464K, used 74799K [0x0000000080000000, 0x0000000100000000)
  region size 1024K, 1 young (1024K), 1 survivors (1024K)
 Metaspace       used 66306K, committed 67136K, reserved 491520K
  class space    used 9381K, committed 9728K, reserved 425984K
}
Event: 32.669 GC heap before
{Heap before GC invocations=31 (full 0):
 garbage-first heap   total 190464K, used 150575K [0x0000000080000000, 0x0000000100000000)
  region size 1024K, 76 young (77824K), 1 survivors (1024K)
 Metaspace       used 70537K, committed 71424K, reserved 491520K
  class space    used 10057K, committed 10496K, reserved 425984K
}
Event: 32.684 GC heap after
{Heap after GC invocations=32 (full 0):
 garbage-first heap   total 190464K, used 81587K [0x0000000080000000, 0x0000000100000000)
  region size 1024K, 8 young (8192K), 8 survivors (8192K)
 Metaspace       used 70537K, committed 71424K, reserved 491520K
  class space    used 10057K, committed 10496K, reserved 425984K
}
Event: 35.478 GC heap before
{Heap before GC invocations=32 (full 0):
 garbage-first heap   total 190464K, used 151219K [0x0000000080000000, 0x0000000100000000)
  region size 1024K, 76 young (77824K), 8 survivors (8192K)
 Metaspace       used 72329K, committed 73280K, reserved 491520K
  class space    used 10230K, committed 10688K, reserved 425984K
}
Event: 35.497 GC heap after
{Heap after GC invocations=33 (full 0):
 garbage-first heap   total 190464K, used 88052K [0x0000000080000000, 0x0000000100000000)
  region size 1024K, 9 young (9216K), 9 survivors (9216K)
 Metaspace       used 72329K, committed 73280K, reserved 491520K
  class space    used 10230K, committed 10688K, reserved 425984K
}
Event: 36.354 GC heap before
{Heap before GC invocations=33 (full 0):
 garbage-first heap   total 190464K, used 149492K [0x0000000080000000, 0x0000000100000000)
  region size 1024K, 70 young (71680K), 9 survivors (9216K)
 Metaspace       used 72436K, committed 73408K, reserved 491520K
  class space    used 10231K, committed 10688K, reserved 425984K
}
Event: 36.369 GC heap after
{Heap after GC invocations=34 (full 0):
 garbage-first heap   total 190464K, used 89944K [0x0000000080000000, 0x0000000100000000)
  region size 1024K, 5 young (5120K), 5 survivors (5120K)
 Metaspace       used 72436K, committed 73408K, reserved 491520K
  class space    used 10231K, committed 10688K, reserved 425984K
}
Event: 36.780 GC heap before
{Heap before GC invocations=34 (full 0):
 garbage-first heap   total 190464K, used 151384K [0x0000000080000000, 0x0000000100000000)
  region size 1024K, 66 young (67584K), 5 survivors (5120K)
 Metaspace       used 72442K, committed 73408K, reserved 491520K
  class space    used 10231K, committed 10688K, reserved 425984K
}
Event: 36.788 GC heap after
{Heap after GC invocations=35 (full 0):
 garbage-first heap   total 190464K, used 91131K [0x0000000080000000, 0x0000000100000000)
  region size 1024K, 6 young (6144K), 6 survivors (6144K)
 Metaspace       used 72442K, committed 73408K, reserved 491520K
  class space    used 10231K, committed 10688K, reserved 425984K
}

