# JRE version: OpenJDK Runtime Environment Microsoft-8035246 (17.0.8+7) (build 17.0.8+7-LTS)
# Java VM: OpenJDK 64-Bit Server VM Microsoft-8035246 (17.0.8+7-LTS, mixed mode, sharing, tiered, compressed oops, compressed class ptrs, g1 gc, windows-amd64)
GC Precious Log:
 CPUs: 8 total, 8 available
 Memory: 16167M
 Large Page Support: Disabled
 NUMA Support: Disabled
 Compressed Oops: Enabled (32-bit)
 Heap Region Size: 1M
 Heap Min Capacity: 8M
 Heap Initial Capacity: 254M
 Heap Max Capacity: 2G
 Pre-touch: Disabled
 Parallel Workers: 8
 Concurrent Workers: 2
 Concurrent Refinement Workers: 8
 Periodic GC: Disabled
Heap:
 garbage-first heap   total 331776K, used 135762K [0x0000000080000000, 0x0000000100000000)
  region size 1024K, 22 young (22528K), 17 survivors (17408K)
 Metaspace       used 99103K, committed 100160K, reserved 557056K
  class space    used 13781K, committed 14272K, reserved 425984K
GC Heap History (20 events):
Event: 20.155 GC heap before
{Heap before GC invocations=32 (full 0):
 garbage-first heap   total 160768K, used 123470K [0x0000000080000000, 0x0000000100000000)
  region size 1024K, 52 young (53248K), 7 survivors (7168K)
 Metaspace       used 71593K, committed 72448K, reserved 491520K
  class space    used 10166K, committed 10560K, reserved 425984K
}
Event: 20.163 GC heap after
{Heap after GC invocations=33 (full 0):
 garbage-first heap   total 160768K, used 82763K [0x0000000080000000, 0x0000000100000000)
  region size 1024K, 7 young (7168K), 7 survivors (7168K)
 Metaspace       used 71593K, committed 72448K, reserved 491520K
  class space    used 10166K, committed 10560K, reserved 425984K
}
Event: 20.194 GC heap before
{Heap before GC invocations=33 (full 0):
 garbage-first heap   total 160768K, used 83787K [0x0000000080000000, 0x0000000100000000)
  region size 1024K, 8 young (8192K), 7 survivors (7168K)
 Metaspace       used 71605K, committed 72448K, reserved 491520K
  class space    used 10166K, committed 10560K, reserved 425984K
}
Event: 20.202 GC heap after
{Heap after GC invocations=34 (full 0):
 garbage-first heap   total 160768K, used 82902K [0x0000000080000000, 0x0000000100000000)
  region size 1024K, 1 young (1024K), 1 survivors (1024K)
 Metaspace       used 71605K, committed 72448K, reserved 491520K
  class space    used 10166K, committed 10560K, reserved 425984K
}
Event: 20.731 GC heap before
{Heap before GC invocations=34 (full 0):
 garbage-first heap   total 160768K, used 124886K [0x0000000080000000, 0x0000000100000000)
  region size 1024K, 43 young (44032K), 1 survivors (1024K)
 Metaspace       used 71817K, committed 72640K, reserved 491520K
  class space    used 10167K, committed 10560K, reserved 425984K
}
Event: 20.735 GC heap after
{Heap after GC invocations=35 (full 0):
 garbage-first heap   total 160768K, used 85284K [0x0000000080000000, 0x0000000100000000)
  region size 1024K, 4 young (4096K), 4 survivors (4096K)
 Metaspace       used 71817K, committed 72640K, reserved 491520K
  class space    used 10167K, committed 10560K, reserved 425984K
}
Event: 21.064 GC heap before
{Heap before GC invocations=36 (full 0):
 garbage-first heap   total 165888K, used 126244K [0x0000000080000000, 0x0000000100000000)
  region size 1024K, 45 young (46080K), 4 survivors (4096K)
 Metaspace       used 71842K, committed 72640K, reserved 491520K
  class space    used 10167K, committed 10560K, reserved 425984K
}
Event: 21.070 GC heap after
{Heap after GC invocations=37 (full 0):
 garbage-first heap   total 165888K, used 86445K [0x0000000080000000, 0x0000000100000000)
  region size 1024K, 4 young (4096K), 4 survivors (4096K)
 Metaspace       used 71842K, committed 72640K, reserved 491520K
  class space    used 10167K, committed 10560K, reserved 425984K
}
Event: 21.093 GC heap before
{Heap before GC invocations=37 (full 0):
 garbage-first heap   total 165888K, used 89517K [0x0000000080000000, 0x0000000100000000)
  region size 1024K, 8 young (8192K), 4 survivors (4096K)
 Metaspace       used 71843K, committed 72640K, reserved 491520K
  class space    used 10167K, committed 10560K, reserved 425984K
}
Event: 21.098 GC heap after
{Heap after GC invocations=38 (full 0):
 garbage-first heap   total 165888K, used 85050K [0x0000000080000000, 0x0000000100000000)
  region size 1024K, 1 young (1024K), 1 survivors (1024K)
 Metaspace       used 71843K, committed 72640K, reserved 491520K
  class space    used 10167K, committed 10560K, reserved 425984K
}
Event: 21.380 GC heap before
{Heap before GC invocations=38 (full 0):
 garbage-first heap   total 165888K, used 130106K [0x0000000080000000, 0x0000000100000000)
  region size 1024K, 46 young (47104K), 1 survivors (1024K)
 Metaspace       used 71846K, committed 72704K, reserved 491520K
  class space    used 10167K, committed 10560K, reserved 425984K
}
Event: 21.386 GC heap after
{Heap after GC invocations=39 (full 0):
 garbage-first heap   total 331776K, used 87017K [0x0000000080000000, 0x0000000100000000)
  region size 1024K, 3 young (3072K), 3 survivors (3072K)
 Metaspace       used 71846K, committed 72704K, reserved 491520K
  class space    used 10167K, committed 10560K, reserved 425984K
}
Event: 22.454 GC heap before
{Heap before GC invocations=39 (full 0):
 garbage-first heap   total 331776K, used 126953K [0x0000000080000000, 0x0000000100000000)
  region size 1024K, 39 young (39936K), 3 survivors (3072K)
 Metaspace       used 71918K, committed 72832K, reserved 491520K
  class space    used 10179K, committed 10624K, reserved 425984K
}
Event: 22.464 GC heap after
{Heap after GC invocations=40 (full 0):
 garbage-first heap   total 331776K, used 96436K [0x0000000080000000, 0x0000000100000000)
  region size 1024K, 9 young (9216K), 9 survivors (9216K)
 Metaspace       used 71918K, committed 72832K, reserved 491520K
  class space    used 10179K, committed 10624K, reserved 425984K
}
Event: 24.191 GC heap before
{Heap before GC invocations=40 (full 0):
 garbage-first heap   total 331776K, used 189620K [0x0000000080000000, 0x0000000100000000)
  region size 1024K, 98 young (100352K), 9 survivors (9216K)
 Metaspace       used 79610K, committed 80512K, reserved 557056K
  class space    used 11005K, committed 11456K, reserved 425984K
}
Event: 24.201 GC heap after
{Heap after GC invocations=41 (full 0):
 garbage-first heap   total 331776K, used 106097K [0x0000000080000000, 0x0000000100000000)
  region size 1024K, 15 young (15360K), 15 survivors (15360K)
 Metaspace       used 79610K, committed 80512K, reserved 557056K
  class space    used 11005K, committed 11456K, reserved 425984K
}
Event: 26.232 GC heap before
{Heap before GC invocations=41 (full 0):
 garbage-first heap   total 331776K, used 250481K [0x0000000080000000, 0x0000000100000000)
  region size 1024K, 150 young (153600K), 15 survivors (15360K)
 Metaspace       used 86882K, committed 87872K, reserved 557056K
  class space    used 12013K, committed 12480K, reserved 425984K
}
Event: 26.245 GC heap after
{Heap after GC invocations=42 (full 0):
 garbage-first heap   total 331776K, used 114626K [0x0000000080000000, 0x0000000100000000)
  region size 1024K, 13 young (13312K), 13 survivors (13312K)
 Metaspace       used 86882K, committed 87872K, reserved 557056K
  class space    used 12013K, committed 12480K, reserved 425984K
}
Event: 29.029 GC heap before
{Heap before GC invocations=42 (full 0):
 garbage-first heap   total 331776K, used 261058K [0x0000000080000000, 0x0000000100000000)
  region size 1024K, 155 young (158720K), 13 survivors (13312K)
 Metaspace       used 94342K, committed 95296K, reserved 557056K
  class space    used 13195K, committed 13632K, reserved 425984K
}
Event: 29.039 GC heap after
{Heap after GC invocations=43 (full 0):
 garbage-first heap   total 331776K, used 120954K [0x0000000080000000, 0x0000000100000000)
  region size 1024K, 14 young (14336K), 14 survivors (14336K)
 Metaspace       used 94342K, committed 95296K, reserved 557056K
  class space    used 13195K, committed 13632K, reserved 425984K
}

