# JRE version: OpenJDK Runtime Environment Microsoft-8035246 (17.0.8+7) (build 17.0.8+7-LTS)
# Java VM: OpenJDK 64-Bit Server VM Microsoft-8035246 (17.0.8+7-LTS, mixed mode, sharing, tiered, compressed oops, compressed class ptrs, g1 gc, windows-amd64)
GC Precious Log:
 CPUs: 8 total, 8 available
 Memory: 16167M
 Large Page Support: Disabled
 NUMA Support: Disabled
 Compressed Oops: Enabled (32-bit)
 Heap Region Size: 1M
 Heap Min Capacity: 8M
 Heap Initial Capacity: 254M
 Heap Max Capacity: 2G
 Pre-touch: Disabled
 Parallel Workers: 8
 Concurrent Workers: 2
 Concurrent Refinement Workers: 8
 Periodic GC: Disabled
Heap:
 garbage-first heap   total 253952K, used 185470K [0x0000000080000000, 0x0000000100000000)
  region size 1024K, 57 young (58368K), 5 survivors (5120K)
 Metaspace       used 98992K, committed 99968K, reserved 557056K
  class space    used 13786K, committed 14272K, reserved 425984K
GC Heap History (20 events):
Event: 11.734 GC heap before
{Heap before GC invocations=31 (full 0):
 garbage-first heap   total 253952K, used 185008K [0x0000000080000000, 0x0000000100000000)
  region size 1024K, 113 young (115712K), 3 survivors (3072K)
 Metaspace       used 71609K, committed 72448K, reserved 491520K
  class space    used 10160K, committed 10560K, reserved 425984K
}
Event: 11.747 GC heap after
{Heap after GC invocations=32 (full 0):
 garbage-first heap   total 253952K, used 83156K [0x0000000080000000, 0x0000000100000000)
  region size 1024K, 13 young (13312K), 13 survivors (13312K)
 Metaspace       used 71609K, committed 72448K, reserved 491520K
  class space    used 10160K, committed 10560K, reserved 425984K
}
Event: 11.753 GC heap before
{Heap before GC invocations=32 (full 0):
 garbage-first heap   total 253952K, used 83156K [0x0000000080000000, 0x0000000100000000)
  region size 1024K, 14 young (14336K), 13 survivors (13312K)
 Metaspace       used 71610K, committed 72448K, reserved 491520K
  class space    used 10160K, committed 10560K, reserved 425984K
}
Event: 11.762 GC heap after
{Heap after GC invocations=33 (full 0):
 garbage-first heap   total 253952K, used 83774K [0x0000000080000000, 0x0000000100000000)
  region size 1024K, 2 young (2048K), 2 survivors (2048K)
 Metaspace       used 71610K, committed 72448K, reserved 491520K
  class space    used 10160K, committed 10560K, reserved 425984K
}
Event: 12.173 GC heap before
{Heap before GC invocations=33 (full 0):
 garbage-first heap   total 253952K, used 189246K [0x0000000080000000, 0x0000000100000000)
  region size 1024K, 106 young (108544K), 2 survivors (2048K)
 Metaspace       used 71775K, committed 72640K, reserved 491520K
  class space    used 10167K, committed 10560K, reserved 425984K
}
Event: 12.177 GC heap after
{Heap after GC invocations=34 (full 0):
 garbage-first heap   total 253952K, used 86514K [0x0000000080000000, 0x0000000100000000)
  region size 1024K, 5 young (5120K), 5 survivors (5120K)
 Metaspace       used 71775K, committed 72640K, reserved 491520K
  class space    used 10167K, committed 10560K, reserved 425984K
}
Event: 12.973 GC heap before
{Heap before GC invocations=34 (full 0):
 garbage-first heap   total 253952K, used 201202K [0x0000000080000000, 0x0000000100000000)
  region size 1024K, 111 young (113664K), 5 survivors (5120K)
 Metaspace       used 76345K, committed 77184K, reserved 557056K
  class space    used 10670K, committed 11072K, reserved 425984K
}
Event: 12.979 GC heap after
{Heap after GC invocations=35 (full 0):
 garbage-first heap   total 253952K, used 100396K [0x0000000080000000, 0x0000000100000000)
  region size 1024K, 12 young (12288K), 12 survivors (12288K)
 Metaspace       used 76345K, committed 77184K, reserved 557056K
  class space    used 10670K, committed 11072K, reserved 425984K
}
Event: 13.793 GC heap before
{Heap before GC invocations=35 (full 0):
 garbage-first heap   total 253952K, used 201772K [0x0000000080000000, 0x0000000100000000)
  region size 1024K, 106 young (108544K), 12 survivors (12288K)
 Metaspace       used 83195K, committed 84160K, reserved 557056K
  class space    used 11489K, committed 11968K, reserved 425984K
}
Event: 13.800 GC heap after
{Heap after GC invocations=36 (full 0):
 garbage-first heap   total 253952K, used 108419K [0x0000000080000000, 0x0000000100000000)
  region size 1024K, 7 young (7168K), 7 survivors (7168K)
 Metaspace       used 83195K, committed 84160K, reserved 557056K
  class space    used 11489K, committed 11968K, reserved 425984K
}
Event: 14.404 GC heap before
{Heap before GC invocations=36 (full 0):
 garbage-first heap   total 253952K, used 202627K [0x0000000080000000, 0x0000000100000000)
  region size 1024K, 97 young (99328K), 7 survivors (7168K)
 Metaspace       used 86886K, committed 87808K, reserved 557056K
  class space    used 12026K, committed 12480K, reserved 425984K
}
Event: 14.412 GC heap after
{Heap after GC invocations=37 (full 0):
 garbage-first heap   total 253952K, used 116051K [0x0000000080000000, 0x0000000100000000)
  region size 1024K, 6 young (6144K), 6 survivors (6144K)
 Metaspace       used 86886K, committed 87808K, reserved 557056K
  class space    used 12026K, committed 12480K, reserved 425984K
}
Event: 15.397 GC heap before
{Heap before GC invocations=37 (full 0):
 garbage-first heap   total 253952K, used 204115K [0x0000000080000000, 0x0000000100000000)
  region size 1024K, 92 young (94208K), 6 survivors (6144K)
 Metaspace       used 91730K, committed 92672K, reserved 557056K
  class space    used 12748K, committed 13184K, reserved 425984K
}
Event: 15.403 GC heap after
{Heap after GC invocations=38 (full 0):
 garbage-first heap   total 253952K, used 119166K [0x0000000080000000, 0x0000000100000000)
  region size 1024K, 9 young (9216K), 9 survivors (9216K)
 Metaspace       used 91730K, committed 92672K, reserved 557056K
  class space    used 12748K, committed 13184K, reserved 425984K
}
Event: 16.137 GC heap before
{Heap before GC invocations=38 (full 0):
 garbage-first heap   total 253952K, used 206206K [0x0000000080000000, 0x0000000100000000)
  region size 1024K, 94 young (96256K), 9 survivors (9216K)
 Metaspace       used 97101K, committed 98048K, reserved 557056K
  class space    used 13557K, committed 14016K, reserved 425984K
}
Event: 16.147 GC heap after
{Heap after GC invocations=39 (full 0):
 garbage-first heap   total 253952K, used 122358K [0x0000000080000000, 0x0000000100000000)
  region size 1024K, 7 young (7168K), 7 survivors (7168K)
 Metaspace       used 97101K, committed 98048K, reserved 557056K
  class space    used 13557K, committed 14016K, reserved 425984K
}
Event: 16.953 GC heap before
{Heap before GC invocations=39 (full 0):
 garbage-first heap   total 253952K, used 209398K [0x0000000080000000, 0x0000000100000000)
  region size 1024K, 92 young (94208K), 7 survivors (7168K)
 Metaspace       used 98981K, committed 99968K, reserved 557056K
  class space    used 13785K, committed 14272K, reserved 425984K
}
Event: 16.964 GC heap after
{Heap after GC invocations=40 (full 0):
 garbage-first heap   total 253952K, used 131354K [0x0000000080000000, 0x0000000100000000)
  region size 1024K, 12 young (12288K), 12 survivors (12288K)
 Metaspace       used 98981K, committed 99968K, reserved 557056K
  class space    used 13785K, committed 14272K, reserved 425984K
}
Event: 17.209 GC heap before
{Heap before GC invocations=40 (full 0):
 garbage-first heap   total 253952K, used 209178K [0x0000000080000000, 0x0000000100000000)
  region size 1024K, 88 young (90112K), 12 survivors (12288K)
 Metaspace       used 98990K, committed 99968K, reserved 557056K
  class space    used 13785K, committed 14272K, reserved 425984K
}
Event: 17.222 GC heap after
{Heap after GC invocations=41 (full 0):
 garbage-first heap   total 253952K, used 134270K [0x0000000080000000, 0x0000000100000000)
  region size 1024K, 5 young (5120K), 5 survivors (5120K)
 Metaspace       used 98990K, committed 99968K, reserved 557056K
  class space    used 13785K, committed 14272K, reserved 425984K
}

