# JRE version: OpenJDK Runtime Environment Microsoft-8035246 (17.0.8+7) (build 17.0.8+7-LTS)
# Java VM: OpenJDK 64-Bit Server VM Microsoft-8035246 (17.0.8+7-LTS, mixed mode, sharing, tiered, compressed oops, compressed class ptrs, g1 gc, windows-amd64)
GC Precious Log:
 CPUs: 8 total, 8 available
 Memory: 16167M
 Large Page Support: Disabled
 NUMA Support: Disabled
 Compressed Oops: Enabled (32-bit)
 Heap Region Size: 1M
 Heap Min Capacity: 8M
 Heap Initial Capacity: 254M
 Heap Max Capacity: 2G
 Pre-touch: Disabled
 Parallel Workers: 8
 Concurrent Workers: 2
 Concurrent Refinement Workers: 8
 Periodic GC: Disabled
Heap:
 garbage-first heap   total 243712K, used 194377K [0x0000000080000000, 0x0000000100000000)
  region size 1024K, 74 young (75776K), 8 survivors (8192K)
 Metaspace       used 99074K, committed 100160K, reserved 557056K
  class space    used 13781K, committed 14272K, reserved 425984K
GC Heap History (20 events):
Event: 16.185 GC heap before
{Heap before GC invocations=29 (full 0):
 garbage-first heap   total 243712K, used 169952K [0x0000000080000000, 0x0000000100000000)
  region size 1024K, 99 young (101376K), 4 survivors (4096K)
 Metaspace       used 69664K, committed 70464K, reserved 491520K
  class space    used 9959K, committed 10368K, reserved 425984K
}
Event: 16.196 GC heap after
{Heap after GC invocations=30 (full 0):
 garbage-first heap   total 243712K, used 79824K [0x0000000080000000, 0x0000000100000000)
  region size 1024K, 10 young (10240K), 10 survivors (10240K)
 Metaspace       used 69664K, committed 70464K, reserved 491520K
  class space    used 9959K, committed 10368K, reserved 425984K
}
Event: 16.254 GC heap before
{Heap before GC invocations=30 (full 0):
 garbage-first heap   total 243712K, used 80848K [0x0000000080000000, 0x0000000100000000)
  region size 1024K, 11 young (11264K), 10 survivors (10240K)
 Metaspace       used 69709K, committed 70528K, reserved 491520K
  class space    used 9964K, committed 10368K, reserved 425984K
}
Event: 16.263 GC heap after
{Heap after GC invocations=31 (full 0):
 garbage-first heap   total 243712K, used 79255K [0x0000000080000000, 0x0000000100000000)
  region size 1024K, 2 young (2048K), 2 survivors (2048K)
 Metaspace       used 69709K, committed 70528K, reserved 491520K
  class space    used 9964K, committed 10368K, reserved 425984K
}
Event: 18.076 GC heap before
{Heap before GC invocations=31 (full 0):
 garbage-first heap   total 243712K, used 176535K [0x0000000080000000, 0x0000000100000000)
  region size 1024K, 97 young (99328K), 2 survivors (2048K)
 Metaspace       used 71755K, committed 72576K, reserved 491520K
  class space    used 10169K, committed 10560K, reserved 425984K
}
Event: 18.085 GC heap after
{Heap after GC invocations=32 (full 0):
 garbage-first heap   total 243712K, used 87266K [0x0000000080000000, 0x0000000100000000)
  region size 1024K, 10 young (10240K), 10 survivors (10240K)
 Metaspace       used 71755K, committed 72576K, reserved 491520K
  class space    used 10169K, committed 10560K, reserved 425984K
}
Event: 18.612 GC heap before
{Heap before GC invocations=32 (full 0):
 garbage-first heap   total 243712K, used 179426K [0x0000000080000000, 0x0000000100000000)
  region size 1024K, 101 young (103424K), 10 survivors (10240K)
 Metaspace       used 71827K, committed 72640K, reserved 491520K
  class space    used 10170K, committed 10560K, reserved 425984K
}
Event: 18.623 GC heap after
{Heap after GC invocations=33 (full 0):
 garbage-first heap   total 243712K, used 89433K [0x0000000080000000, 0x0000000100000000)
  region size 1024K, 5 young (5120K), 5 survivors (5120K)
 Metaspace       used 71827K, committed 72640K, reserved 491520K
  class space    used 10170K, committed 10560K, reserved 425984K
}
Event: 20.111 GC heap before
{Heap before GC invocations=33 (full 0):
 garbage-first heap   total 243712K, used 192857K [0x0000000080000000, 0x0000000100000000)
  region size 1024K, 99 young (101376K), 5 survivors (5120K)
 Metaspace       used 75964K, committed 76928K, reserved 557056K
  class space    used 10628K, committed 11072K, reserved 425984K
}
Event: 20.117 GC heap after
{Heap after GC invocations=34 (full 0):
 garbage-first heap   total 243712K, used 103243K [0x0000000080000000, 0x0000000100000000)
  region size 1024K, 13 young (13312K), 13 survivors (13312K)
 Metaspace       used 75964K, committed 76928K, reserved 557056K
  class space    used 10628K, committed 11072K, reserved 425984K
}
Event: 21.447 GC heap before
{Heap before GC invocations=34 (full 0):
 garbage-first heap   total 243712K, used 192331K [0x0000000080000000, 0x0000000100000000)
  region size 1024K, 95 young (97280K), 13 survivors (13312K)
 Metaspace       used 82142K, committed 83008K, reserved 557056K
  class space    used 11349K, committed 11776K, reserved 425984K
}
Event: 21.459 GC heap after
{Heap after GC invocations=35 (full 0):
 garbage-first heap   total 243712K, used 110747K [0x0000000080000000, 0x0000000100000000)
  region size 1024K, 7 young (7168K), 7 survivors (7168K)
 Metaspace       used 82142K, committed 83008K, reserved 557056K
  class space    used 11349K, committed 11776K, reserved 425984K
}
Event: 22.653 GC heap before
{Heap before GC invocations=35 (full 0):
 garbage-first heap   total 243712K, used 192667K [0x0000000080000000, 0x0000000100000000)
  region size 1024K, 85 young (87040K), 7 survivors (7168K)
 Metaspace       used 86863K, committed 87808K, reserved 557056K
  class space    used 12016K, committed 12480K, reserved 425984K
}
Event: 22.659 GC heap after
{Heap after GC invocations=36 (full 0):
 garbage-first heap   total 243712K, used 116627K [0x0000000080000000, 0x0000000100000000)
  region size 1024K, 5 young (5120K), 5 survivors (5120K)
 Metaspace       used 86863K, committed 87808K, reserved 557056K
  class space    used 12016K, committed 12480K, reserved 425984K
}
Event: 23.593 GC heap before
{Heap before GC invocations=36 (full 0):
 garbage-first heap   total 243712K, used 194451K [0x0000000080000000, 0x0000000100000000)
  region size 1024K, 81 young (82944K), 5 survivors (5120K)
 Metaspace       used 89266K, committed 90240K, reserved 557056K
  class space    used 12337K, committed 12800K, reserved 425984K
}
Event: 23.598 GC heap after
{Heap after GC invocations=37 (full 0):
 garbage-first heap   total 243712K, used 120509K [0x0000000080000000, 0x0000000100000000)
  region size 1024K, 9 young (9216K), 9 survivors (9216K)
 Metaspace       used 89266K, committed 90240K, reserved 557056K
  class space    used 12337K, committed 12800K, reserved 425984K
}
Event: 24.843 GC heap before
{Heap before GC invocations=37 (full 0):
 garbage-first heap   total 243712K, used 198333K [0x0000000080000000, 0x0000000100000000)
  region size 1024K, 84 young (86016K), 9 survivors (9216K)
 Metaspace       used 94183K, committed 95168K, reserved 557056K
  class space    used 13181K, committed 13632K, reserved 425984K
}
Event: 24.850 GC heap after
{Heap after GC invocations=38 (full 0):
 garbage-first heap   total 243712K, used 122876K [0x0000000080000000, 0x0000000100000000)
  region size 1024K, 7 young (7168K), 7 survivors (7168K)
 Metaspace       used 94183K, committed 95168K, reserved 557056K
  class space    used 13181K, committed 13632K, reserved 425984K
}
Event: 26.150 GC heap before
{Heap before GC invocations=38 (full 0):
 garbage-first heap   total 243712K, used 200700K [0x0000000080000000, 0x0000000100000000)
  region size 1024K, 83 young (84992K), 7 survivors (7168K)
 Metaspace       used 97913K, committed 98944K, reserved 557056K
  class space    used 13668K, committed 14144K, reserved 425984K
}
Event: 26.161 GC heap after
{Heap after GC invocations=39 (full 0):
 garbage-first heap   total 243712K, used 127817K [0x0000000080000000, 0x0000000100000000)
  region size 1024K, 8 young (8192K), 8 survivors (8192K)
 Metaspace       used 97913K, committed 98944K, reserved 557056K
  class space    used 13668K, committed 14144K, reserved 425984K
}

